{
  "stats": {
    "suites": 4,
    "tests": 150,
    "passes": 132,
    "pending": 13,
    "failures": 5,
    "start": "2020-11-19T12:09:58.435Z",
    "end": "2020-11-19T12:12:32.119Z",
    "duration": 102918,
    "testsRegistered": 150,
    "passPercent": 88,
    "pendingPercent": 8.666666666666666,
    "other": 0,
    "hasOther": false,
    "skipped": 0,
    "hasSkipped": false
  },
  "results": [
    {
      "uuid": "98c40ae7-2204-437b-9a0b-f4a8a2ddd8ab",
      "title": "",
      "fullFile": "cypress/integration/portal.spec.ts",
      "file": "cypress/integration/portal.spec.ts",
      "beforeHooks": [],
      "afterHooks": [],
      "tests": [],
      "suites": [
        {
          "uuid": "469cf0a1-c90b-4991-98be-ed3d47f9dfc6",
          "title": "Open Liferay",
          "fullFile": "",
          "file": "",
          "beforeHooks": [],
          "afterHooks": [],
          "tests": [
            {
              "title": "Abrir o Liferay Portal",
              "fullTitle": "Open Liferay Abrir o Liferay Portal",
              "timedOut": null,
              "duration": 5616,
              "state": "failed",
              "speed": null,
              "pass": false,
              "fail": true,
              "pending": false,
              "context": null,
              "code": "const { helloWorldContainer, welcomeContainer } = homePage;\ncy.visit(portalURL);\ncy.get(helloWorldContainer).contains(portalHome.helloWorld);\ncy.get(welcomeContainer).contains(portalHome.welcome);\ncy.title().should('eq', portalHome.title);\ncy.get('#footer').contains(portalHome.footer);",
              "err": {
                "message": "AssertionError: Timed out retrying: Expected to find element: `#fragment-0-qufk`, but never found it.",
                "estack": "AssertionError: Timed out retrying: Expected to find element: `#fragment-0-qufk`, but never found it.\n    at Context.eval (http://localhost:8080/__cypress/tests?p=cypress/integration/portal.spec.ts:268:12)",
                "diff": null
              },
              "uuid": "a3e4dbe7-1034-4430-b4bb-3fbf46cce424",
              "parentUUID": "469cf0a1-c90b-4991-98be-ed3d47f9dfc6",
              "isHook": false,
              "skipped": false
            },
            {
              "title": "Fazer Login",
              "fullTitle": "Open Liferay Fazer Login",
              "timedOut": null,
              "duration": 867,
              "state": "passed",
              "speed": "slow",
              "pass": true,
              "fail": false,
              "pending": false,
              "context": null,
              "code": "cy.get(loginLink).click();\ncy.get(emailInput)\n    .should('have.value', '@liferay.com')\n    .clear()\n    .type(email)\n    .should('have.value', email);\ncy.get(passwordInput)\n    .should('not.have.value')\n    .type(password)\n    .should('have.value', password);\ncy.get(loginButton).should('be.enabled').click();",
              "err": {},
              "uuid": "deb64439-32c5-4a2c-b0a6-95243e144fe8",
              "parentUUID": "469cf0a1-c90b-4991-98be-ed3d47f9dfc6",
              "isHook": false,
              "skipped": false
            },
            {
              "title": "Página de Bem Vindo (Usuário Logado)",
              "fullTitle": "Open Liferay Página de Bem Vindo (Usuário Logado)",
              "timedOut": null,
              "duration": 378,
              "state": "passed",
              "speed": "slow",
              "pass": true,
              "fail": false,
              "pending": false,
              "context": null,
              "code": "cy.get(test_base_1.selectors.userAvatar).should('be.visible');",
              "err": {},
              "uuid": "a4dec0cf-b980-47a7-94b8-a83d4ad13446",
              "parentUUID": "469cf0a1-c90b-4991-98be-ed3d47f9dfc6",
              "isHook": false,
              "skipped": false
            }
          ],
          "suites": [
            {
              "uuid": "b588c502-ca88-4bde-acba-708b9c6ad9ce",
              "title": "Simulações de tela",
              "fullFile": "",
              "file": "",
              "beforeHooks": [],
              "afterHooks": [],
              "tests": [
                {
                  "title": "Abrir simulador de telas",
                  "fullTitle": "Open Liferay Simulações de tela Abrir simulador de telas",
                  "timedOut": null,
                  "duration": 4567,
                  "state": "failed",
                  "speed": null,
                  "pass": false,
                  "fail": true,
                  "pending": false,
                  "context": null,
                  "code": "cy.get('@sidebar').should('not.be.visible');\ncy.wait(100);\ncy.get(simulatorSelector.openSimulation).parent().click();\ncy.get('@sidebar').should('be.visible');",
                  "err": {
                    "message": "AssertionError: Timed out retrying: expected '<div.product-menu.sidebar.sidebar-inverse.sidenav-menu>' to be 'visible'\n\nThis element `<div.product-menu.sidebar.sidebar-inverse.sidenav-menu>` is not visible because its parent `<div#_com_liferay_product_navigation_simulation_web_portlet_SimulationPortlet_simulationPanelId.closed.lfr-admin-panel.lfr-product-menu-panel.lfr-simulation-panel.sidenav-fixed.sidenav-menu-slider.sidenav-right>` has CSS property: `visibility: hidden`",
                    "estack": "AssertionError: Timed out retrying: expected '<div.product-menu.sidebar.sidebar-inverse.sidenav-menu>' to be 'visible'\n\nThis element `<div.product-menu.sidebar.sidebar-inverse.sidenav-menu>` is not visible because its parent `<div#_com_liferay_product_navigation_simulation_web_portlet_SimulationPortlet_simulationPanelId.closed.lfr-admin-panel.lfr-product-menu-panel.lfr-simulation-panel.sidenav-fixed.sidenav-menu-slider.sidenav-right>` has CSS property: `visibility: hidden`\n    at Context.eval (http://localhost:8080/__cypress/tests?p=cypress/integration/portal.spec.ts:297:32)",
                    "diff": null
                  },
                  "uuid": "a81a827b-9354-45e3-a0f4-d50275ede05d",
                  "parentUUID": "b588c502-ca88-4bde-acba-708b9c6ad9ce",
                  "isHook": false,
                  "skipped": false
                },
                {
                  "title": "Verificar se o item padrão é Desktop",
                  "fullTitle": "Open Liferay Simulações de tela Verificar se o item padrão é Desktop",
                  "timedOut": null,
                  "duration": 4342,
                  "state": "failed",
                  "speed": null,
                  "pass": false,
                  "fail": true,
                  "pending": false,
                  "context": null,
                  "code": "cy.get('.default-devices button.selected').contains('Desktop');",
                  "err": {
                    "message": "AssertionError: Timed out retrying: Expected to find element: `.default-devices button.selected`, but never found it.",
                    "estack": "AssertionError: Timed out retrying: Expected to find element: `.default-devices button.selected`, but never found it.\n    at Context.eval (http://localhost:8080/__cypress/tests?p=cypress/integration/portal.spec.ts:300:16)",
                    "diff": null
                  },
                  "uuid": "e68288a0-9f0a-4be4-9caa-6a6dc70a3585",
                  "parentUUID": "b588c502-ca88-4bde-acba-708b9c6ad9ce",
                  "isHook": false,
                  "skipped": false
                },
                {
                  "title": "Executar a simulação em diversos viewports",
                  "fullTitle": "Open Liferay Simulações de tela Executar a simulação em diversos viewports",
                  "timedOut": null,
                  "duration": 4360,
                  "state": "failed",
                  "speed": null,
                  "pass": false,
                  "fail": true,
                  "pending": false,
                  "context": null,
                  "code": "cy.get('.default-devices button')\n    .should('have.length', 5)\n    .each((button, index) => {\n    const actualButton = test_base_1.constants.buttons[index];\n    cy.get(button).as('button').click();\n    cy.get('@button').contains(actualButton);\n});\ncy.get(simulatorSelector.height)\n    .should('have.value', simulatorConstant.defaultValue)\n    .clear()\n    .type(simulatorConstant.height);\ncy.get(simulatorSelector.width)\n    .should('have.value', simulatorConstant.defaultValue)\n    .clear()\n    .type(simulatorConstant.width);",
                  "err": {
                    "message": "AssertionError: Timed out retrying: Expected to find element: `.default-devices button`, but never found it.",
                    "estack": "AssertionError: Timed out retrying: Expected to find element: `.default-devices button`, but never found it.\n    at Context.eval (http://localhost:8080/__cypress/tests?p=cypress/integration/portal.spec.ts:304:18)",
                    "diff": null
                  },
                  "uuid": "efdf2483-726b-416d-be4c-e300c09a3558",
                  "parentUUID": "b588c502-ca88-4bde-acba-708b9c6ad9ce",
                  "isHook": false,
                  "skipped": false
                },
                {
                  "title": "Fechar Sidebar de Simulação",
                  "fullTitle": "Open Liferay Simulações de tela Fechar Sidebar de Simulação",
                  "timedOut": null,
                  "duration": 4360,
                  "state": "failed",
                  "speed": null,
                  "pass": false,
                  "fail": true,
                  "pending": false,
                  "context": null,
                  "code": "cy.get('@sidebar').within(() => {\n    cy.get(simulatorSelector.closeSimulator).click();\n});",
                  "err": {
                    "message": "AssertionError: Timed out retrying: Expected to find element: `#ored____`, but never found it.",
                    "estack": "AssertionError: Timed out retrying: Expected to find element: `#ored____`, but never found it.\n    at Context.eval (http://localhost:8080/__cypress/tests?p=cypress/integration/portal.spec.ts:321:20)",
                    "diff": null
                  },
                  "uuid": "aa4be6cc-664a-4891-a733-94e96e49090a",
                  "parentUUID": "b588c502-ca88-4bde-acba-708b9c6ad9ce",
                  "isHook": false,
                  "skipped": false
                }
              ],
              "suites": [],
              "passes": [],
              "failures": [
                "a81a827b-9354-45e3-a0f4-d50275ede05d",
                "e68288a0-9f0a-4be4-9caa-6a6dc70a3585",
                "efdf2483-726b-416d-be4c-e300c09a3558",
                "aa4be6cc-664a-4891-a733-94e96e49090a"
              ],
              "pending": [],
              "skipped": [],
              "duration": 17629,
              "root": false,
              "rootEmpty": false,
              "_timeout": 2000
            }
          ],
          "passes": [
            "deb64439-32c5-4a2c-b0a6-95243e144fe8",
            "a4dec0cf-b980-47a7-94b8-a83d4ad13446"
          ],
          "failures": [
            "a3e4dbe7-1034-4430-b4bb-3fbf46cce424"
          ],
          "pending": [],
          "skipped": [],
          "duration": 6861,
          "root": false,
          "rootEmpty": false,
          "_timeout": 2000
        }
      ],
      "passes": [],
      "failures": [],
      "pending": [],
      "skipped": [],
      "duration": 0,
      "root": true,
      "rootEmpty": true,
      "_timeout": 2000
    },
    {
      "uuid": "653b2742-47a4-4214-8c0a-2388f229d92c",
      "title": "",
      "fullFile": "cypress/integration/entry/entry.details.spec.ts",
      "file": "cypress/integration/entry/entry.details.spec.ts",
      "beforeHooks": [],
      "afterHooks": [],
      "tests": [],
      "suites": [
        {
          "uuid": "89ce3691-f294-468d-95fc-fa7002162201",
          "title": "ViewEntryDetails",
          "fullFile": "",
          "file": "",
          "beforeHooks": [],
          "afterHooks": [],
          "tests": [],
          "suites": [
            {
              "uuid": "1b5cae37-b93c-4c0f-a1d7-e53472ef6a22",
              "title": "Object Page",
              "fullFile": "",
              "file": "",
              "beforeHooks": [],
              "afterHooks": [],
              "tests": [
                {
                  "title": "Visit App Builder Object",
                  "fullTitle": "ViewEntryDetails Object Page Visit App Builder Object",
                  "timedOut": null,
                  "duration": 6927,
                  "state": "passed",
                  "speed": "slow",
                  "pass": true,
                  "fail": false,
                  "pending": false,
                  "context": null,
                  "code": "this.Object.visit();",
                  "err": {},
                  "uuid": "dbdd2c18-978a-4fc0-b2ad-1353b766d864",
                  "parentUUID": "1b5cae37-b93c-4c0f-a1d7-e53472ef6a22",
                  "isHook": false,
                  "skipped": false
                },
                {
                  "title": "Delete all existing Objects",
                  "fullTitle": "ViewEntryDetails Object Page Delete all existing Objects",
                  "timedOut": null,
                  "duration": 760,
                  "state": "passed",
                  "speed": "slow",
                  "pass": true,
                  "fail": false,
                  "pending": false,
                  "context": null,
                  "code": "this.Object.deleteAllObjects();",
                  "err": {},
                  "uuid": "b5b1cd5a-5ced-40e1-921c-bc416b0d09ee",
                  "parentUUID": "1b5cae37-b93c-4c0f-a1d7-e53472ef6a22",
                  "isHook": false,
                  "skipped": false
                },
                {
                  "title": "Create an Object",
                  "fullTitle": "ViewEntryDetails Object Page Create an Object",
                  "timedOut": null,
                  "duration": 3043,
                  "state": "passed",
                  "speed": "slow",
                  "pass": true,
                  "fail": false,
                  "pending": false,
                  "context": null,
                  "code": "this.Object.createAnObject(this.config.object.name);",
                  "err": {},
                  "uuid": "790dbd90-2de1-4fb0-956e-baf1caf5947e",
                  "parentUUID": "1b5cae37-b93c-4c0f-a1d7-e53472ef6a22",
                  "isHook": false,
                  "skipped": false
                }
              ],
              "suites": [],
              "passes": [
                "dbdd2c18-978a-4fc0-b2ad-1353b766d864",
                "b5b1cd5a-5ced-40e1-921c-bc416b0d09ee",
                "790dbd90-2de1-4fb0-956e-baf1caf5947e"
              ],
              "failures": [],
              "pending": [],
              "skipped": [],
              "duration": 10730,
              "root": false,
              "rootEmpty": false,
              "_timeout": 2000
            },
            {
              "uuid": "cbaf01ca-571c-4394-aa7e-ed89e394eabc",
              "title": "FormView Page",
              "fullFile": "",
              "file": "",
              "beforeHooks": [],
              "afterHooks": [],
              "tests": [],
              "suites": [
                {
                  "uuid": "5dcd941a-5c80-459a-867a-f26e4f4ed497",
                  "title": "Should handle Text Field and Fill Values",
                  "fullFile": "",
                  "file": "",
                  "beforeHooks": [],
                  "afterHooks": [],
                  "tests": [
                    {
                      "title": "Scroll Up",
                      "fullTitle": "ViewEntryDetails FormView Page Should handle Text Field and Fill Values Scroll Up",
                      "timedOut": null,
                      "duration": 1408,
                      "state": "passed",
                      "speed": "slow",
                      "pass": true,
                      "fail": false,
                      "pending": false,
                      "context": null,
                      "code": "cy.scrollTo(isScrollDown ? 'bottom' : 'top');",
                      "err": {},
                      "uuid": "8377cb4b-a267-4ed5-a4da-a28af9f767a8",
                      "parentUUID": "5dcd941a-5c80-459a-867a-f26e4f4ed497",
                      "isHook": false,
                      "skipped": false
                    },
                    {
                      "title": "Log myself",
                      "fullTitle": "ViewEntryDetails FormView Page Should handle Text Field and Fill Values Log myself",
                      "timedOut": null,
                      "duration": 245,
                      "state": "passed",
                      "speed": "slow",
                      "pass": true,
                      "fail": false,
                      "pending": false,
                      "context": null,
                      "code": "cy.log(localizedConfig);",
                      "err": {},
                      "uuid": "66140d56-bdb2-4db5-a73d-0c88b7436323",
                      "parentUUID": "5dcd941a-5c80-459a-867a-f26e4f4ed497",
                      "isHook": false,
                      "skipped": false
                    },
                    {
                      "title": "Should add field on DataLayout using [dbClick]",
                      "fullTitle": "ViewEntryDetails FormView Page Should handle Text Field and Fill Values Should add field on DataLayout using [dbClick]",
                      "timedOut": null,
                      "duration": 199,
                      "state": "passed",
                      "speed": "slow",
                      "pass": true,
                      "fail": false,
                      "pending": false,
                      "context": null,
                      "code": "cy.get(fieldSelector).dblclick();",
                      "err": {},
                      "uuid": "2a890aa4-692b-4662-8b64-892cafcf2c84",
                      "parentUUID": "5dcd941a-5c80-459a-867a-f26e4f4ed497",
                      "isHook": false,
                      "skipped": false
                    },
                    {
                      "title": "Typing [Full Name] on [Label]",
                      "fullTitle": "ViewEntryDetails FormView Page Should handle Text Field and Fill Values Typing [Full Name] on [Label]",
                      "timedOut": null,
                      "duration": 366,
                      "state": "passed",
                      "speed": "slow",
                      "pass": true,
                      "fail": false,
                      "pending": false,
                      "context": null,
                      "code": "cy.get(`${ddmLabel} input.ddm-field-text`)\n    .clear()\n    .type(label)\n    .should('have.value', label);",
                      "err": {},
                      "uuid": "739f3852-1078-4d0a-becd-ee4c72b2b383",
                      "parentUUID": "5dcd941a-5c80-459a-867a-f26e4f4ed497",
                      "isHook": false,
                      "skipped": false
                    },
                    {
                      "title": "Changing tab",
                      "fullTitle": "ViewEntryDetails FormView Page Should handle Text Field and Fill Values Changing tab",
                      "timedOut": null,
                      "duration": 211,
                      "state": "passed",
                      "speed": "slow",
                      "pass": true,
                      "fail": false,
                      "pending": false,
                      "context": null,
                      "code": "cy.get('.component-tbar.ddm-form-tabs.tbar li').eq(index).click();",
                      "err": {},
                      "uuid": "7e7e47dd-6592-4c5f-a246-8b5cb8b5aa31",
                      "parentUUID": "5dcd941a-5c80-459a-867a-f26e4f4ed497",
                      "isHook": false,
                      "skipped": false
                    },
                    {
                      "title": "Get the Name",
                      "fullTitle": "ViewEntryDetails FormView Page Should handle Text Field and Fill Values Get the Name",
                      "timedOut": null,
                      "duration": 28,
                      "state": "passed",
                      "speed": "fast",
                      "pass": true,
                      "fail": false,
                      "pending": false,
                      "context": null,
                      "code": "cy.get(`${this.selectors.ddmName} input`).then((doc) => {\n    field.config.id = doc.val();\n});",
                      "err": {},
                      "uuid": "3a95245a-0143-4d4e-b98f-b2a3822bd522",
                      "parentUUID": "5dcd941a-5c80-459a-867a-f26e4f4ed497",
                      "isHook": false,
                      "skipped": false
                    },
                    {
                      "title": "Dispose",
                      "fullTitle": "ViewEntryDetails FormView Page Should handle Text Field and Fill Values Dispose",
                      "timedOut": null,
                      "duration": 155,
                      "state": "passed",
                      "speed": "slow",
                      "pass": true,
                      "fail": false,
                      "pending": false,
                      "context": null,
                      "code": "cy.get(`${fatherSelector} .sidebar-header button`).eq(0).click();",
                      "err": {},
                      "uuid": "fc7734c6-e986-4416-ad23-cc91e09dcc32",
                      "parentUUID": "5dcd941a-5c80-459a-867a-f26e4f4ed497",
                      "isHook": false,
                      "skipped": false
                    }
                  ],
                  "suites": [],
                  "passes": [
                    "8377cb4b-a267-4ed5-a4da-a28af9f767a8",
                    "66140d56-bdb2-4db5-a73d-0c88b7436323",
                    "2a890aa4-692b-4662-8b64-892cafcf2c84",
                    "739f3852-1078-4d0a-becd-ee4c72b2b383",
                    "7e7e47dd-6592-4c5f-a246-8b5cb8b5aa31",
                    "3a95245a-0143-4d4e-b98f-b2a3822bd522",
                    "fc7734c6-e986-4416-ad23-cc91e09dcc32"
                  ],
                  "failures": [],
                  "pending": [],
                  "skipped": [],
                  "duration": 2612,
                  "root": false,
                  "rootEmpty": false,
                  "_timeout": 2000
                },
                {
                  "uuid": "f298c383-5a13-4c2f-886a-87e77abc051e",
                  "title": "Should handle Text Field and Fill Values",
                  "fullFile": "",
                  "file": "",
                  "beforeHooks": [],
                  "afterHooks": [],
                  "tests": [
                    {
                      "title": "Scroll Up",
                      "fullTitle": "ViewEntryDetails FormView Page Should handle Text Field and Fill Values Scroll Up",
                      "timedOut": null,
                      "duration": 22,
                      "state": "passed",
                      "speed": "fast",
                      "pass": true,
                      "fail": false,
                      "pending": false,
                      "context": null,
                      "code": "cy.scrollTo(isScrollDown ? 'bottom' : 'top');",
                      "err": {},
                      "uuid": "189e64b2-b609-4ae1-9879-53cc2e0fa04a",
                      "parentUUID": "f298c383-5a13-4c2f-886a-87e77abc051e",
                      "isHook": false,
                      "skipped": false
                    },
                    {
                      "title": "Log myself",
                      "fullTitle": "ViewEntryDetails FormView Page Should handle Text Field and Fill Values Log myself",
                      "timedOut": null,
                      "duration": 12,
                      "state": "passed",
                      "speed": "fast",
                      "pass": true,
                      "fail": false,
                      "pending": false,
                      "context": null,
                      "code": "cy.log(localizedConfig);",
                      "err": {},
                      "uuid": "6d3b3ff2-eebf-4213-9d8c-3c6028fe341c",
                      "parentUUID": "f298c383-5a13-4c2f-886a-87e77abc051e",
                      "isHook": false,
                      "skipped": false
                    },
                    {
                      "title": "Should add field on DataLayout using [drag-and-drop]",
                      "fullTitle": "ViewEntryDetails FormView Page Should handle Text Field and Fill Values Should add field on DataLayout using [drag-and-drop]",
                      "timedOut": null,
                      "duration": 860,
                      "state": "passed",
                      "speed": "slow",
                      "pass": true,
                      "fail": false,
                      "pending": false,
                      "context": null,
                      "code": "if (dragType === 'dragTop') {\n    cy.get('.ddm-target').first().as('target');\n}\nelse {\n    cy.get('.ddm-target').last().as('target');\n}\ncy.get(fieldSelector).drag('@target');",
                      "err": {},
                      "uuid": "16f8c422-82d3-4386-9813-605a9e624a72",
                      "parentUUID": "f298c383-5a13-4c2f-886a-87e77abc051e",
                      "isHook": false,
                      "skipped": false
                    },
                    {
                      "title": "Typing [Nickname] on [Label]",
                      "fullTitle": "ViewEntryDetails FormView Page Should handle Text Field and Fill Values Typing [Nickname] on [Label]",
                      "timedOut": null,
                      "duration": 329,
                      "state": "passed",
                      "speed": "slow",
                      "pass": true,
                      "fail": false,
                      "pending": false,
                      "context": null,
                      "code": "cy.get(`${ddmLabel} input.ddm-field-text`)\n    .clear()\n    .type(label)\n    .should('have.value', label);",
                      "err": {},
                      "uuid": "7da50b79-ada4-4fbe-b2b0-a48ad1c94851",
                      "parentUUID": "f298c383-5a13-4c2f-886a-87e77abc051e",
                      "isHook": false,
                      "skipped": false
                    },
                    {
                      "title": "Mark [required] as [checked]",
                      "fullTitle": "ViewEntryDetails FormView Page Should handle Text Field and Fill Values Mark [required] as [checked]",
                      "timedOut": null,
                      "duration": 178,
                      "state": "passed",
                      "speed": "slow",
                      "pass": true,
                      "fail": false,
                      "pending": false,
                      "context": null,
                      "code": "cy.get(`${applySelector(selector)} input`)\n    .should('not.be.checked')\n    .check()\n    .should('be.checked');",
                      "err": {},
                      "uuid": "32756ceb-3bc0-491d-bcaf-5d0788dbd38c",
                      "parentUUID": "f298c383-5a13-4c2f-886a-87e77abc051e",
                      "isHook": false,
                      "skipped": false
                    },
                    {
                      "title": "Changing tab",
                      "fullTitle": "ViewEntryDetails FormView Page Should handle Text Field and Fill Values Changing tab",
                      "timedOut": null,
                      "duration": 173,
                      "state": "passed",
                      "speed": "slow",
                      "pass": true,
                      "fail": false,
                      "pending": false,
                      "context": null,
                      "code": "cy.get('.component-tbar.ddm-form-tabs.tbar li').eq(index).click();",
                      "err": {},
                      "uuid": "5fab1b0c-06c4-4c5e-83ba-85c42d8fb583",
                      "parentUUID": "f298c383-5a13-4c2f-886a-87e77abc051e",
                      "isHook": false,
                      "skipped": false
                    },
                    {
                      "title": "Get the Name",
                      "fullTitle": "ViewEntryDetails FormView Page Should handle Text Field and Fill Values Get the Name",
                      "timedOut": null,
                      "duration": 24,
                      "state": "passed",
                      "speed": "fast",
                      "pass": true,
                      "fail": false,
                      "pending": false,
                      "context": null,
                      "code": "cy.get(`${this.selectors.ddmName} input`).then((doc) => {\n    field.config.id = doc.val();\n});",
                      "err": {},
                      "uuid": "e7ab00f1-8fef-4e1f-8d89-aae1dc7201a8",
                      "parentUUID": "f298c383-5a13-4c2f-886a-87e77abc051e",
                      "isHook": false,
                      "skipped": false
                    },
                    {
                      "title": "Dispose",
                      "fullTitle": "ViewEntryDetails FormView Page Should handle Text Field and Fill Values Dispose",
                      "timedOut": null,
                      "duration": 159,
                      "state": "passed",
                      "speed": "slow",
                      "pass": true,
                      "fail": false,
                      "pending": false,
                      "context": null,
                      "code": "cy.get(`${fatherSelector} .sidebar-header button`).eq(0).click();",
                      "err": {},
                      "uuid": "00a27def-f70f-499c-ad66-1958d05c548f",
                      "parentUUID": "f298c383-5a13-4c2f-886a-87e77abc051e",
                      "isHook": false,
                      "skipped": false
                    }
                  ],
                  "suites": [],
                  "passes": [
                    "189e64b2-b609-4ae1-9879-53cc2e0fa04a",
                    "6d3b3ff2-eebf-4213-9d8c-3c6028fe341c",
                    "16f8c422-82d3-4386-9813-605a9e624a72",
                    "7da50b79-ada4-4fbe-b2b0-a48ad1c94851",
                    "32756ceb-3bc0-491d-bcaf-5d0788dbd38c",
                    "5fab1b0c-06c4-4c5e-83ba-85c42d8fb583",
                    "e7ab00f1-8fef-4e1f-8d89-aae1dc7201a8",
                    "00a27def-f70f-499c-ad66-1958d05c548f"
                  ],
                  "failures": [],
                  "pending": [],
                  "skipped": [],
                  "duration": 1757,
                  "root": false,
                  "rootEmpty": false,
                  "_timeout": 2000
                },
                {
                  "uuid": "ff607cf1-8a99-41fe-9689-fd1e0ac7cbc9",
                  "title": "Save it",
                  "fullFile": "",
                  "file": "",
                  "beforeHooks": [],
                  "afterHooks": [],
                  "tests": [
                    {
                      "title": "Set title",
                      "fullTitle": "ViewEntryDetails FormView Page Save it Set title",
                      "timedOut": null,
                      "duration": 529,
                      "state": "passed",
                      "speed": "slow",
                      "pass": true,
                      "fail": false,
                      "pending": false,
                      "context": null,
                      "code": "this.FormView.setTitle(this.config.formView.name['en-US']);",
                      "err": {},
                      "uuid": "9b3c2dab-43b0-4ac1-b234-a504e4852ea6",
                      "parentUUID": "ff607cf1-8a99-41fe-9689-fd1e0ac7cbc9",
                      "isHook": false,
                      "skipped": false
                    },
                    {
                      "title": "Save",
                      "fullTitle": "ViewEntryDetails FormView Page Save it Save",
                      "timedOut": null,
                      "duration": 114,
                      "state": "passed",
                      "speed": "slow",
                      "pass": true,
                      "fail": false,
                      "pending": false,
                      "context": null,
                      "code": "this.FormView.submit();",
                      "err": {},
                      "uuid": "9da6a569-8cd5-4480-bffb-864ef3c547f9",
                      "parentUUID": "ff607cf1-8a99-41fe-9689-fd1e0ac7cbc9",
                      "isHook": false,
                      "skipped": false
                    }
                  ],
                  "suites": [],
                  "passes": [
                    "9b3c2dab-43b0-4ac1-b234-a504e4852ea6",
                    "9da6a569-8cd5-4480-bffb-864ef3c547f9"
                  ],
                  "failures": [],
                  "pending": [],
                  "skipped": [],
                  "duration": 643,
                  "root": false,
                  "rootEmpty": false,
                  "_timeout": 2000
                }
              ],
              "passes": [],
              "failures": [],
              "pending": [],
              "skipped": [],
              "duration": 0,
              "root": false,
              "rootEmpty": false,
              "_timeout": 2000
            },
            {
              "uuid": "276212a8-dcd7-47b6-8bbf-8e904caa4745",
              "title": "TableView Page",
              "fullFile": "",
              "file": "",
              "beforeHooks": [],
              "afterHooks": [],
              "tests": [
                {
                  "title": "Open Add TableView",
                  "fullTitle": "ViewEntryDetails TableView Page Open Add TableView",
                  "timedOut": null,
                  "duration": 3368,
                  "state": "passed",
                  "speed": "slow",
                  "pass": true,
                  "fail": false,
                  "pending": false,
                  "context": null,
                  "code": "this.visit();\nthis.newTableView();",
                  "err": {},
                  "uuid": "5ac4ebb7-fe86-4cdb-9ff7-19d4953722fb",
                  "parentUUID": "276212a8-dcd7-47b6-8bbf-8e904caa4745",
                  "isHook": false,
                  "skipped": false
                },
                {
                  "title": "Should set TableView title",
                  "fullTitle": "ViewEntryDetails TableView Page Should set TableView title",
                  "timedOut": null,
                  "duration": 834,
                  "state": "passed",
                  "speed": "slow",
                  "pass": true,
                  "fail": false,
                  "pending": false,
                  "context": null,
                  "code": "this.setTitle(name);",
                  "err": {},
                  "uuid": "7df2f17b-8fb6-4a13-83cb-7e1726e4d7da",
                  "parentUUID": "276212a8-dcd7-47b6-8bbf-8e904caa4745",
                  "isHook": false,
                  "skipped": false
                },
                {
                  "title": "Should Collapse (close) Sidebar",
                  "fullTitle": "ViewEntryDetails TableView Page Should Collapse (close) Sidebar",
                  "timedOut": null,
                  "duration": 82,
                  "state": "passed",
                  "speed": "slow",
                  "pass": true,
                  "fail": false,
                  "pending": false,
                  "context": null,
                  "code": "this.closeSidebar();",
                  "err": {},
                  "uuid": "044ed7ca-5e38-4933-9db8-88b65986d3b8",
                  "parentUUID": "276212a8-dcd7-47b6-8bbf-8e904caa4745",
                  "isHook": false,
                  "skipped": false
                },
                {
                  "title": "Should Collapse (open) Sidebar",
                  "fullTitle": "ViewEntryDetails TableView Page Should Collapse (open) Sidebar",
                  "timedOut": null,
                  "duration": 77,
                  "state": "passed",
                  "speed": "slow",
                  "pass": true,
                  "fail": false,
                  "pending": false,
                  "context": null,
                  "code": "this.openSidebar();",
                  "err": {},
                  "uuid": "560f5d7b-9873-4366-95e6-c43cd3c2bd51",
                  "parentUUID": "276212a8-dcd7-47b6-8bbf-8e904caa4745",
                  "isHook": false,
                  "skipped": false
                },
                {
                  "title": "Layout should be empty",
                  "fullTitle": "ViewEntryDetails TableView Page Layout should be empty",
                  "timedOut": null,
                  "duration": 29,
                  "state": "passed",
                  "speed": "fast",
                  "pass": true,
                  "fail": false,
                  "pending": false,
                  "context": null,
                  "code": "this.emptyDragzone();",
                  "err": {},
                  "uuid": "2fac67e5-042a-4f54-8d50-3c95ece0b2d5",
                  "parentUUID": "276212a8-dcd7-47b6-8bbf-8e904caa4745",
                  "isHook": false,
                  "skipped": false
                },
                {
                  "title": "Should have 2 items on the list",
                  "fullTitle": "ViewEntryDetails TableView Page Should have 2 items on the list",
                  "timedOut": null,
                  "duration": 26,
                  "state": "passed",
                  "speed": "fast",
                  "pass": true,
                  "fail": false,
                  "pending": false,
                  "context": null,
                  "code": "cy.get('.tab-content .field-type').should('have.length', fieldTypes.length);",
                  "err": {},
                  "uuid": "6f8ca706-8deb-4622-83ac-16b60e8e9320",
                  "parentUUID": "276212a8-dcd7-47b6-8bbf-8e904caa4745",
                  "isHook": false,
                  "skipped": false
                }
              ],
              "suites": [
                {
                  "uuid": "eac689fa-c938-41fb-a4f5-f769247da435",
                  "title": "Should do action on [Full Name] column created on FormView",
                  "fullFile": "",
                  "file": "",
                  "beforeHooks": [],
                  "afterHooks": [],
                  "tests": [
                    {
                      "title": "Column [Full Name] matches with the FormView item label",
                      "fullTitle": "ViewEntryDetails TableView Page Should do action on [Full Name] column created on FormView Column [Full Name] matches with the FormView item label",
                      "timedOut": null,
                      "duration": 31,
                      "state": "passed",
                      "speed": "fast",
                      "pass": true,
                      "fail": false,
                      "pending": false,
                      "context": null,
                      "code": "findByLabel();",
                      "err": {},
                      "uuid": "3efc5e80-b246-4be3-aa34-c8146f4b828e",
                      "parentUUID": "eac689fa-c938-41fb-a4f5-f769247da435",
                      "isHook": false,
                      "skipped": false
                    },
                    {
                      "title": "Should search find matching value",
                      "fullTitle": "ViewEntryDetails TableView Page Should do action on [Full Name] column created on FormView Should search find matching value",
                      "timedOut": null,
                      "duration": 371,
                      "state": "passed",
                      "speed": "slow",
                      "pass": true,
                      "fail": false,
                      "pending": false,
                      "context": null,
                      "code": "cy.get('.sidebar-section input')\n    .should('not.have.value')\n    .type(label)\n    .should('have.value', label)\n    .as('input');\nfindByLabel();\ncy.get('@input').clear();",
                      "err": {},
                      "uuid": "44ab5f20-0e3f-42be-90c0-bb3c8fd1b96f",
                      "parentUUID": "eac689fa-c938-41fb-a4f5-f769247da435",
                      "isHook": false,
                      "skipped": false
                    },
                    {
                      "title": "Add item on the list",
                      "fullTitle": "ViewEntryDetails TableView Page Should do action on [Full Name] column created on FormView Add item on the list",
                      "timedOut": null,
                      "duration": 131,
                      "state": "passed",
                      "speed": "slow",
                      "pass": true,
                      "fail": false,
                      "pending": false,
                      "context": null,
                      "code": "cy.get('.tab-content .field-type')\n    .contains(label)\n    .dblclick()\n    .as('item');\ncy.get('@item')\n    .parent()\n    .parent()\n    .parent()\n    .should('have.class', 'disabled');",
                      "err": {},
                      "uuid": "1b6b1304-a8f8-4c45-a27e-65738de08411",
                      "parentUUID": "eac689fa-c938-41fb-a4f5-f769247da435",
                      "isHook": false,
                      "skipped": false
                    },
                    {
                      "title": "The item should be on Table List",
                      "fullTitle": "ViewEntryDetails TableView Page Should do action on [Full Name] column created on FormView The item should be on Table List",
                      "timedOut": null,
                      "duration": 35,
                      "state": "passed",
                      "speed": "fast",
                      "pass": true,
                      "fail": false,
                      "pending": false,
                      "context": null,
                      "code": "cy.get('.container.table-view-container th').contains(label);",
                      "err": {},
                      "uuid": "ad2385ce-0185-4ff2-8ee2-85bc82328dea",
                      "parentUUID": "eac689fa-c938-41fb-a4f5-f769247da435",
                      "isHook": false,
                      "skipped": false
                    }
                  ],
                  "suites": [],
                  "passes": [
                    "3efc5e80-b246-4be3-aa34-c8146f4b828e",
                    "44ab5f20-0e3f-42be-90c0-bb3c8fd1b96f",
                    "1b6b1304-a8f8-4c45-a27e-65738de08411",
                    "ad2385ce-0185-4ff2-8ee2-85bc82328dea"
                  ],
                  "failures": [],
                  "pending": [],
                  "skipped": [],
                  "duration": 568,
                  "root": false,
                  "rootEmpty": false,
                  "_timeout": 2000
                },
                {
                  "uuid": "c4c945c7-dcdf-4bac-add2-26532f2ffa86",
                  "title": "Should do action on [Nickname] column created on FormView",
                  "fullFile": "",
                  "file": "",
                  "beforeHooks": [],
                  "afterHooks": [],
                  "tests": [
                    {
                      "title": "Column [Nickname] matches with the FormView item label",
                      "fullTitle": "ViewEntryDetails TableView Page Should do action on [Nickname] column created on FormView Column [Nickname] matches with the FormView item label",
                      "timedOut": null,
                      "duration": 26,
                      "state": "passed",
                      "speed": "fast",
                      "pass": true,
                      "fail": false,
                      "pending": false,
                      "context": null,
                      "code": "findByLabel();",
                      "err": {},
                      "uuid": "8f662a42-335e-4f92-b989-fbe12a66a0a7",
                      "parentUUID": "c4c945c7-dcdf-4bac-add2-26532f2ffa86",
                      "isHook": false,
                      "skipped": false
                    },
                    {
                      "title": "Should search find matching value",
                      "fullTitle": "ViewEntryDetails TableView Page Should do action on [Nickname] column created on FormView Should search find matching value",
                      "timedOut": null,
                      "duration": 370,
                      "state": "passed",
                      "speed": "slow",
                      "pass": true,
                      "fail": false,
                      "pending": false,
                      "context": null,
                      "code": "cy.get('.sidebar-section input')\n    .should('not.have.value')\n    .type(label)\n    .should('have.value', label)\n    .as('input');\nfindByLabel();\ncy.get('@input').clear();",
                      "err": {},
                      "uuid": "1026f833-2ce1-4388-a221-fc39eabe4355",
                      "parentUUID": "c4c945c7-dcdf-4bac-add2-26532f2ffa86",
                      "isHook": false,
                      "skipped": false
                    },
                    {
                      "title": "Add item on the list",
                      "fullTitle": "ViewEntryDetails TableView Page Should do action on [Nickname] column created on FormView Add item on the list",
                      "timedOut": null,
                      "duration": 125,
                      "state": "passed",
                      "speed": "slow",
                      "pass": true,
                      "fail": false,
                      "pending": false,
                      "context": null,
                      "code": "cy.get('.tab-content .field-type')\n    .contains(label)\n    .dblclick()\n    .as('item');\ncy.get('@item')\n    .parent()\n    .parent()\n    .parent()\n    .should('have.class', 'disabled');",
                      "err": {},
                      "uuid": "05b0c5b1-60d6-49b4-8d31-502d1252dbb4",
                      "parentUUID": "c4c945c7-dcdf-4bac-add2-26532f2ffa86",
                      "isHook": false,
                      "skipped": false
                    },
                    {
                      "title": "The item should be on Table List",
                      "fullTitle": "ViewEntryDetails TableView Page Should do action on [Nickname] column created on FormView The item should be on Table List",
                      "timedOut": null,
                      "duration": 44,
                      "state": "passed",
                      "speed": "medium",
                      "pass": true,
                      "fail": false,
                      "pending": false,
                      "context": null,
                      "code": "cy.get('.container.table-view-container th').contains(label);",
                      "err": {},
                      "uuid": "a0b59219-905b-4dc7-87c9-5b8d291a0f10",
                      "parentUUID": "c4c945c7-dcdf-4bac-add2-26532f2ffa86",
                      "isHook": false,
                      "skipped": false
                    }
                  ],
                  "suites": [],
                  "passes": [
                    "8f662a42-335e-4f92-b989-fbe12a66a0a7",
                    "1026f833-2ce1-4388-a221-fc39eabe4355",
                    "05b0c5b1-60d6-49b4-8d31-502d1252dbb4",
                    "a0b59219-905b-4dc7-87c9-5b8d291a0f10"
                  ],
                  "failures": [],
                  "pending": [],
                  "skipped": [],
                  "duration": 565,
                  "root": false,
                  "rootEmpty": false,
                  "_timeout": 2000
                },
                {
                  "uuid": "15777c97-0ea3-47d2-af4d-d41a958f3ee2",
                  "title": "Save and validate the TableView",
                  "fullFile": "",
                  "file": "",
                  "beforeHooks": [],
                  "afterHooks": [],
                  "tests": [
                    {
                      "title": "Should save the Table View",
                      "fullTitle": "ViewEntryDetails TableView Page Save and validate the TableView Should save the Table View",
                      "timedOut": null,
                      "duration": 117,
                      "state": "passed",
                      "speed": "slow",
                      "pass": true,
                      "fail": false,
                      "pending": false,
                      "context": null,
                      "code": "cy.get('.btn-primary').click();",
                      "err": {},
                      "uuid": "30921c38-6e2f-4599-9af7-bac175d6a3ba",
                      "parentUUID": "15777c97-0ea3-47d2-af4d-d41a958f3ee2",
                      "isHook": false,
                      "skipped": false
                    },
                    {
                      "title": "Validate ListView",
                      "fullTitle": "ViewEntryDetails TableView Page Save and validate the TableView Validate ListView",
                      "timedOut": null,
                      "duration": 0,
                      "state": "pending",
                      "speed": null,
                      "pass": false,
                      "fail": false,
                      "pending": true,
                      "context": null,
                      "code": "",
                      "err": {},
                      "uuid": "251bba59-269b-4886-9356-27b23d4953f7",
                      "parentUUID": "15777c97-0ea3-47d2-af4d-d41a958f3ee2",
                      "isHook": false,
                      "skipped": false
                    }
                  ],
                  "suites": [],
                  "passes": [
                    "30921c38-6e2f-4599-9af7-bac175d6a3ba"
                  ],
                  "failures": [],
                  "pending": [
                    "251bba59-269b-4886-9356-27b23d4953f7"
                  ],
                  "skipped": [],
                  "duration": 117,
                  "root": false,
                  "rootEmpty": false,
                  "_timeout": 2000
                }
              ],
              "passes": [
                "5ac4ebb7-fe86-4cdb-9ff7-19d4953722fb",
                "7df2f17b-8fb6-4a13-83cb-7e1726e4d7da",
                "044ed7ca-5e38-4933-9db8-88b65986d3b8",
                "560f5d7b-9873-4366-95e6-c43cd3c2bd51",
                "2fac67e5-042a-4f54-8d50-3c95ece0b2d5",
                "6f8ca706-8deb-4622-83ac-16b60e8e9320"
              ],
              "failures": [],
              "pending": [],
              "skipped": [],
              "duration": 4416,
              "root": false,
              "rootEmpty": false,
              "_timeout": 2000
            },
            {
              "uuid": "83db58ea-db2e-48f2-9c20-31d0238b51a4",
              "title": "App Page",
              "fullFile": "",
              "file": "",
              "beforeHooks": [],
              "afterHooks": [],
              "tests": [
                {
                  "title": "Should open [App] Tab",
                  "fullTitle": "ViewEntryDetails App Page Should open [App] Tab",
                  "timedOut": null,
                  "duration": 1193,
                  "state": "passed",
                  "speed": "slow",
                  "pass": true,
                  "fail": false,
                  "pending": false,
                  "context": null,
                  "code": "this.changeObjectTab(interfaces_1.CustomObjectTypes.App);",
                  "err": {},
                  "uuid": "d55f1a32-c7eb-44d3-b587-1a832106d8d3",
                  "parentUUID": "83db58ea-db2e-48f2-9c20-31d0238b51a4",
                  "isHook": false,
                  "skipped": false
                },
                {
                  "title": "Should contains an empty state",
                  "fullTitle": "ViewEntryDetails App Page Should contains an empty state",
                  "timedOut": null,
                  "duration": 33,
                  "state": "passed",
                  "speed": "fast",
                  "pass": true,
                  "fail": false,
                  "pending": false,
                  "context": null,
                  "code": "this.emptyState();",
                  "err": {},
                  "uuid": "7e342849-36c6-4dab-924b-62d25c0e3184",
                  "parentUUID": "83db58ea-db2e-48f2-9c20-31d0238b51a4",
                  "isHook": false,
                  "skipped": false
                },
                {
                  "title": "Click on Add App",
                  "fullTitle": "ViewEntryDetails App Page Click on Add App",
                  "timedOut": null,
                  "duration": 103,
                  "state": "passed",
                  "speed": "slow",
                  "pass": true,
                  "fail": false,
                  "pending": false,
                  "context": null,
                  "code": "cy.get('.nav-item button.btn-primary').click();",
                  "err": {},
                  "uuid": "98b62989-19a0-43c3-869d-eee8b4ccadef",
                  "parentUUID": "83db58ea-db2e-48f2-9c20-31d0238b51a4",
                  "isHook": false,
                  "skipped": false
                },
                {
                  "title": "Should set App title",
                  "fullTitle": "ViewEntryDetails App Page Should set App title",
                  "timedOut": null,
                  "duration": 747,
                  "state": "passed",
                  "speed": "slow",
                  "pass": true,
                  "fail": false,
                  "pending": false,
                  "context": null,
                  "code": "this.managementTitle(name);",
                  "err": {},
                  "uuid": "3bcdb3c2-f4e3-42f6-b8a1-c3f464827636",
                  "parentUUID": "83db58ea-db2e-48f2-9c20-31d0238b51a4",
                  "isHook": false,
                  "skipped": false
                },
                {
                  "title": "Should validate [FormView] content",
                  "fullTitle": "ViewEntryDetails App Page Should validate [FormView] content",
                  "timedOut": null,
                  "duration": 952,
                  "state": "passed",
                  "speed": "slow",
                  "pass": true,
                  "fail": false,
                  "pending": false,
                  "context": null,
                  "code": "this.validateCreatedItemInForm(formViewName);",
                  "err": {},
                  "uuid": "860d88de-e4fa-4e60-befd-7a66218d8d21",
                  "parentUUID": "83db58ea-db2e-48f2-9c20-31d0238b51a4",
                  "isHook": false,
                  "skipped": false
                },
                {
                  "title": "Should validate [TableView] content",
                  "fullTitle": "ViewEntryDetails App Page Should validate [TableView] content",
                  "timedOut": null,
                  "duration": 951,
                  "state": "passed",
                  "speed": "slow",
                  "pass": true,
                  "fail": false,
                  "pending": false,
                  "context": null,
                  "code": "this.validateCreatedItemInForm(tableViewName);",
                  "err": {},
                  "uuid": "9c514f27-70cb-4851-b656-3d90fb6829b0",
                  "parentUUID": "83db58ea-db2e-48f2-9c20-31d0238b51a4",
                  "isHook": false,
                  "skipped": false
                },
                {
                  "title": "Should validate [Workflow] content",
                  "fullTitle": "ViewEntryDetails App Page Should validate [Workflow] content",
                  "timedOut": null,
                  "duration": 218,
                  "state": "passed",
                  "speed": "slow",
                  "pass": true,
                  "fail": false,
                  "pending": false,
                  "context": null,
                  "code": "this.validateCreatedItemInForm();",
                  "err": {},
                  "uuid": "08d289fb-a63c-45fc-a008-dfc5e0638398",
                  "parentUUID": "83db58ea-db2e-48f2-9c20-31d0238b51a4",
                  "isHook": false,
                  "skipped": false
                },
                {
                  "title": "Should check options product, standalone, widget",
                  "fullTitle": "ViewEntryDetails App Page Should check options product, standalone, widget",
                  "timedOut": null,
                  "duration": 785,
                  "state": "passed",
                  "speed": "slow",
                  "pass": true,
                  "fail": false,
                  "pending": false,
                  "context": null,
                  "code": "this.deployAs(config);",
                  "err": {},
                  "uuid": "b548bdf9-c5b0-49d8-b4c2-a18d6dd8c7c8",
                  "parentUUID": "83db58ea-db2e-48f2-9c20-31d0238b51a4",
                  "isHook": false,
                  "skipped": false
                },
                {
                  "title": "Should save the App with sucesss",
                  "fullTitle": "ViewEntryDetails App Page Should save the App with sucesss",
                  "timedOut": null,
                  "duration": 634,
                  "state": "passed",
                  "speed": "slow",
                  "pass": true,
                  "fail": false,
                  "pending": false,
                  "context": null,
                  "code": "cy.get(this.selectors.primaryButton).should('be.enabled').click();\ncy.get('.alert-container .alert-notifications a').then((doc) => {\n    standaloneApp = doc[0].href;\n});",
                  "err": {},
                  "uuid": "948e5355-c985-4328-a20f-b8a5cc1abd9f",
                  "parentUUID": "83db58ea-db2e-48f2-9c20-31d0238b51a4",
                  "isHook": false,
                  "skipped": false
                },
                {
                  "title": "Validate ListView",
                  "fullTitle": "ViewEntryDetails App Page Validate ListView",
                  "timedOut": null,
                  "duration": 0,
                  "state": "pending",
                  "speed": null,
                  "pass": false,
                  "fail": false,
                  "pending": true,
                  "context": null,
                  "code": "",
                  "err": {},
                  "uuid": "7747e5bc-3e43-490e-a828-d041e11797f6",
                  "parentUUID": "83db58ea-db2e-48f2-9c20-31d0238b51a4",
                  "isHook": false,
                  "skipped": false
                }
              ],
              "suites": [],
              "passes": [
                "d55f1a32-c7eb-44d3-b587-1a832106d8d3",
                "7e342849-36c6-4dab-924b-62d25c0e3184",
                "98b62989-19a0-43c3-869d-eee8b4ccadef",
                "3bcdb3c2-f4e3-42f6-b8a1-c3f464827636",
                "860d88de-e4fa-4e60-befd-7a66218d8d21",
                "9c514f27-70cb-4851-b656-3d90fb6829b0",
                "08d289fb-a63c-45fc-a008-dfc5e0638398",
                "b548bdf9-c5b0-49d8-b4c2-a18d6dd8c7c8",
                "948e5355-c985-4328-a20f-b8a5cc1abd9f"
              ],
              "failures": [],
              "pending": [
                "7747e5bc-3e43-490e-a828-d041e11797f6"
              ],
              "skipped": [],
              "duration": 5616,
              "root": false,
              "rootEmpty": false,
              "_timeout": 2000
            },
            {
              "uuid": "e2c3f578-336d-454f-ae4f-06c3181ab594",
              "title": "Application Page",
              "fullFile": "",
              "file": "",
              "beforeHooks": [],
              "afterHooks": [],
              "tests": [],
              "suites": [
                {
                  "uuid": "eb9d6845-4de3-43ee-bce1-ce9ac06c935c",
                  "title": "Should Open Application and Application",
                  "fullFile": "",
                  "file": "",
                  "beforeHooks": [],
                  "afterHooks": [],
                  "tests": [
                    {
                      "title": "Go to home",
                      "fullTitle": "ViewEntryDetails Application Page Should Open Application and Application Go to home",
                      "timedOut": null,
                      "duration": 1186,
                      "state": "passed",
                      "speed": "slow",
                      "pass": true,
                      "fail": false,
                      "pending": false,
                      "context": null,
                      "code": "this.Portal.visit();",
                      "err": {},
                      "uuid": "83b4dd4c-efcc-445c-8ca8-c04d2f7a612b",
                      "parentUUID": "eb9d6845-4de3-43ee-bce1-ce9ac06c935c",
                      "isHook": false,
                      "skipped": false
                    },
                    {
                      "title": "Open Menu",
                      "fullTitle": "ViewEntryDetails Application Page Should Open Application and Application Open Menu",
                      "timedOut": null,
                      "duration": 115,
                      "state": "passed",
                      "speed": "slow",
                      "pass": true,
                      "fail": false,
                      "pending": false,
                      "context": null,
                      "code": "this.Portal.openApplicationMenu();",
                      "err": {},
                      "uuid": "75b02f76-ac07-44e5-a713-c8fe8b04bc47",
                      "parentUUID": "eb9d6845-4de3-43ee-bce1-ce9ac06c935c",
                      "isHook": false,
                      "skipped": false
                    },
                    {
                      "title": "Open Application Menu App",
                      "fullTitle": "ViewEntryDetails Application Page Should Open Application and Application Open Application Menu App",
                      "timedOut": null,
                      "duration": 150,
                      "state": "passed",
                      "speed": "slow",
                      "pass": true,
                      "fail": false,
                      "pending": false,
                      "context": null,
                      "code": "cy.xpath(`//span[contains(text(), '${this.config.app.name['en-US']}')]`).click();",
                      "err": {},
                      "uuid": "f0d35e6d-795f-45cb-a6d3-19138e8a17df",
                      "parentUUID": "eb9d6845-4de3-43ee-bce1-ce9ac06c935c",
                      "isHook": false,
                      "skipped": false
                    }
                  ],
                  "suites": [],
                  "passes": [
                    "83b4dd4c-efcc-445c-8ca8-c04d2f7a612b",
                    "75b02f76-ac07-44e5-a713-c8fe8b04bc47",
                    "f0d35e6d-795f-45cb-a6d3-19138e8a17df"
                  ],
                  "failures": [],
                  "pending": [],
                  "skipped": [],
                  "duration": 1451,
                  "root": false,
                  "rootEmpty": false,
                  "_timeout": 2000
                },
                {
                  "uuid": "a0bd3273-2da2-4bbf-8fbd-319812c0213b",
                  "title": "Should validate HomeScreen",
                  "fullFile": "",
                  "file": "",
                  "beforeHooks": [],
                  "afterHooks": [],
                  "tests": [
                    {
                      "title": "Should have empty state",
                      "fullTitle": "ViewEntryDetails Application Page Should validate HomeScreen Should have empty state",
                      "timedOut": null,
                      "duration": 2178,
                      "state": "passed",
                      "speed": "slow",
                      "pass": true,
                      "fail": false,
                      "pending": false,
                      "context": null,
                      "code": "this.Entry.emptyState();",
                      "err": {},
                      "uuid": "0fa31126-8d3e-48bf-a507-8cf8e84c722d",
                      "parentUUID": "a0bd3273-2da2-4bbf-8fbd-319812c0213b",
                      "isHook": false,
                      "skipped": false
                    },
                    {
                      "title": "Add Entry",
                      "fullTitle": "ViewEntryDetails Application Page Should validate HomeScreen Add Entry",
                      "timedOut": null,
                      "duration": 2269,
                      "state": "passed",
                      "speed": "slow",
                      "pass": true,
                      "fail": false,
                      "pending": false,
                      "context": null,
                      "code": "this.Entry.addEntry();",
                      "err": {},
                      "uuid": "902fa4fd-a00c-4fc2-b4d5-f31dc5e855c5",
                      "parentUUID": "a0bd3273-2da2-4bbf-8fbd-319812c0213b",
                      "isHook": false,
                      "skipped": false
                    }
                  ],
                  "suites": [],
                  "passes": [
                    "0fa31126-8d3e-48bf-a507-8cf8e84c722d",
                    "902fa4fd-a00c-4fc2-b4d5-f31dc5e855c5"
                  ],
                  "failures": [],
                  "pending": [],
                  "skipped": [],
                  "duration": 4447,
                  "root": false,
                  "rootEmpty": false,
                  "_timeout": 2000
                },
                {
                  "uuid": "7207c521-db21-4528-b71a-85b02112b935",
                  "title": "Should validate all fields of Full Name",
                  "fullFile": "",
                  "file": "",
                  "beforeHooks": [],
                  "afterHooks": [],
                  "tests": [
                    {
                      "title": "Field [Label] should be present",
                      "fullTitle": "ViewEntryDetails Application Page Should validate all fields of Full Name Field [Label] should be present",
                      "timedOut": null,
                      "duration": 35,
                      "state": "passed",
                      "speed": "fast",
                      "pass": true,
                      "fail": false,
                      "pending": false,
                      "context": null,
                      "code": "cy.get('@field').find('.ddm-label').contains(label);",
                      "err": {},
                      "uuid": "f24251e4-7d25-4949-9517-0c2b5a55a3c5",
                      "parentUUID": "7207c521-db21-4528-b71a-85b02112b935",
                      "isHook": false,
                      "skipped": false
                    },
                    {
                      "title": "Typing [Linnie Ortiz] value",
                      "fullTitle": "ViewEntryDetails Application Page Should validate all fields of Full Name Typing [Linnie Ortiz] value",
                      "timedOut": null,
                      "duration": 257,
                      "state": "passed",
                      "speed": "slow",
                      "pass": true,
                      "fail": false,
                      "pending": false,
                      "context": null,
                      "code": "if (fieldType.type === 'date') {\n    const date = new Date(2019, 2, 10);\n    cy.get('@field').find('.date-picker-dropdown-toggle').click();\n    cy.get('.date-picker-dropdown-menu.show').within(() => {\n        cy.get('select[name=\"month\"]').select(date.getMonth().toString());\n        cy.get('select[name=\"year\"]').select(date.getFullYear().toString());\n        cy.get('button').contains(date.getDate().toString()).click();\n    });\n}\nelse {\n    cy.get('@field')\n        .find('input[type=\"text\"]')\n        .type(newValue);\n}",
                      "err": {},
                      "uuid": "46066eb8-afa8-4f8f-a10a-f8e6b58d9eb0",
                      "parentUUID": "7207c521-db21-4528-b71a-85b02112b935",
                      "isHook": false,
                      "skipped": false
                    }
                  ],
                  "suites": [],
                  "passes": [
                    "f24251e4-7d25-4949-9517-0c2b5a55a3c5",
                    "46066eb8-afa8-4f8f-a10a-f8e6b58d9eb0"
                  ],
                  "failures": [],
                  "pending": [],
                  "skipped": [],
                  "duration": 292,
                  "root": false,
                  "rootEmpty": false,
                  "_timeout": 2000
                },
                {
                  "uuid": "acd5a5ab-2454-43eb-912d-9dbf62efd83c",
                  "title": "Should validate all fields of Nickname",
                  "fullFile": "",
                  "file": "",
                  "beforeHooks": [],
                  "afterHooks": [],
                  "tests": [
                    {
                      "title": "Field [Label] should be present",
                      "fullTitle": "ViewEntryDetails Application Page Should validate all fields of Nickname Field [Label] should be present",
                      "timedOut": null,
                      "duration": 41,
                      "state": "passed",
                      "speed": "medium",
                      "pass": true,
                      "fail": false,
                      "pending": false,
                      "context": null,
                      "code": "cy.get('@field').find('.ddm-label').contains(label);",
                      "err": {},
                      "uuid": "64a2b927-7739-4ede-8403-2c8dca9920b3",
                      "parentUUID": "acd5a5ab-2454-43eb-912d-9dbf62efd83c",
                      "isHook": false,
                      "skipped": false
                    },
                    {
                      "title": "Field [Required] should be present",
                      "fullTitle": "ViewEntryDetails Application Page Should validate all fields of Nickname Field [Required] should be present",
                      "timedOut": null,
                      "duration": 38,
                      "state": "passed",
                      "speed": "medium",
                      "pass": true,
                      "fail": false,
                      "pending": false,
                      "context": null,
                      "code": "cy.get('@field').find('.reference-mark').should('exist');",
                      "err": {},
                      "uuid": "a9f86c62-2ed6-4119-97af-91a2e9316263",
                      "parentUUID": "acd5a5ab-2454-43eb-912d-9dbf62efd83c",
                      "isHook": false,
                      "skipped": false
                    },
                    {
                      "title": "Try to submit a form without filling required field",
                      "fullTitle": "ViewEntryDetails Application Page Should validate all fields of Nickname Try to submit a form without filling required field",
                      "timedOut": null,
                      "duration": 25,
                      "state": "passed",
                      "speed": "fast",
                      "pass": true,
                      "fail": false,
                      "pending": false,
                      "context": null,
                      "code": "if (predefinedValue) {\n    cy.get('@field')\n        .find('.form-control[type=\"text\"]')\n        .as('input')\n        .clear();\n    cy.get('@field')\n        .find('.form-feedback-item')\n        .as('feedback')\n        .should('be.visible');\n    this.submit();\n    cy.get('@input')\n        .type(predefinedValue)\n        .should('have.value', predefinedValue);\n    cy.get('@feedback').should('not.exist');\n}",
                      "err": {},
                      "uuid": "ee0ea511-2ec0-401e-a332-7e427fd7be66",
                      "parentUUID": "acd5a5ab-2454-43eb-912d-9dbf62efd83c",
                      "isHook": false,
                      "skipped": false
                    },
                    {
                      "title": "Typing [Terry_Marvin] value",
                      "fullTitle": "ViewEntryDetails Application Page Should validate all fields of Nickname Typing [Terry_Marvin] value",
                      "timedOut": null,
                      "duration": 361,
                      "state": "passed",
                      "speed": "slow",
                      "pass": true,
                      "fail": false,
                      "pending": false,
                      "context": null,
                      "code": "if (fieldType.type === 'date') {\n    const date = new Date(2019, 2, 10);\n    cy.get('@field').find('.date-picker-dropdown-toggle').click();\n    cy.get('.date-picker-dropdown-menu.show').within(() => {\n        cy.get('select[name=\"month\"]').select(date.getMonth().toString());\n        cy.get('select[name=\"year\"]').select(date.getFullYear().toString());\n        cy.get('button').contains(date.getDate().toString()).click();\n    });\n}\nelse {\n    cy.get('@field')\n        .find('input[type=\"text\"]')\n        .type(newValue);\n}",
                      "err": {},
                      "uuid": "1f6b34f8-1520-4c9c-8537-b3b4348abf95",
                      "parentUUID": "acd5a5ab-2454-43eb-912d-9dbf62efd83c",
                      "isHook": false,
                      "skipped": false
                    }
                  ],
                  "suites": [],
                  "passes": [
                    "64a2b927-7739-4ede-8403-2c8dca9920b3",
                    "a9f86c62-2ed6-4119-97af-91a2e9316263",
                    "ee0ea511-2ec0-401e-a332-7e427fd7be66",
                    "1f6b34f8-1520-4c9c-8537-b3b4348abf95"
                  ],
                  "failures": [],
                  "pending": [],
                  "skipped": [],
                  "duration": 465,
                  "root": false,
                  "rootEmpty": false,
                  "_timeout": 2000
                },
                {
                  "uuid": "899958c5-d49a-4b01-b8dd-90dfae567238",
                  "title": "Should save entry",
                  "fullFile": "",
                  "file": "",
                  "beforeHooks": [],
                  "afterHooks": [],
                  "tests": [
                    {
                      "title": "Save",
                      "fullTitle": "ViewEntryDetails Application Page Should save entry Save",
                      "timedOut": null,
                      "duration": 132,
                      "state": "passed",
                      "speed": "slow",
                      "pass": true,
                      "fail": false,
                      "pending": false,
                      "context": null,
                      "code": "this.Entry.submit();",
                      "err": {},
                      "uuid": "64d7fc2b-60fa-4fd4-8254-654fc7404fc1",
                      "parentUUID": "899958c5-d49a-4b01-b8dd-90dfae567238",
                      "isHook": false,
                      "skipped": false
                    },
                    {
                      "title": "Check if table contains the created entry",
                      "fullTitle": "ViewEntryDetails Application Page Should save entry Check if table contains the created entry",
                      "timedOut": null,
                      "duration": 932,
                      "state": "passed",
                      "speed": "slow",
                      "pass": true,
                      "fail": false,
                      "pending": false,
                      "context": null,
                      "code": "const rows = this.Entry.getTableRows();\nrows.should('have.length', 1);\nthis.Entry.getSpanByName(firstValue).should('exist');\nthis.Entry.getSpanByName(secondValue).should('exist');",
                      "err": {},
                      "uuid": "892d9f4a-80c4-4196-a75d-9b30195154ca",
                      "parentUUID": "899958c5-d49a-4b01-b8dd-90dfae567238",
                      "isHook": false,
                      "skipped": false
                    },
                    {
                      "title": "Validate ListView",
                      "fullTitle": "ViewEntryDetails Application Page Should save entry Validate ListView",
                      "timedOut": null,
                      "duration": 0,
                      "state": "pending",
                      "speed": null,
                      "pass": false,
                      "fail": false,
                      "pending": true,
                      "context": null,
                      "code": "",
                      "err": {},
                      "uuid": "8a944408-c3c1-43f9-a836-0f661d2eb800",
                      "parentUUID": "899958c5-d49a-4b01-b8dd-90dfae567238",
                      "isHook": false,
                      "skipped": false
                    }
                  ],
                  "suites": [],
                  "passes": [
                    "64d7fc2b-60fa-4fd4-8254-654fc7404fc1",
                    "892d9f4a-80c4-4196-a75d-9b30195154ca"
                  ],
                  "failures": [],
                  "pending": [
                    "8a944408-c3c1-43f9-a836-0f661d2eb800"
                  ],
                  "skipped": [],
                  "duration": 1064,
                  "root": false,
                  "rootEmpty": false,
                  "_timeout": 2000
                },
                {
                  "uuid": "fbc4b24b-cb9d-4f2b-ad08-17cd12e8762c",
                  "title": "Should validate entry detail",
                  "fullFile": "",
                  "file": "",
                  "beforeHooks": [],
                  "afterHooks": [],
                  "tests": [
                    {
                      "title": "Open first entry",
                      "fullTitle": "ViewEntryDetails Application Page Should validate entry detail Open first entry",
                      "timedOut": null,
                      "duration": 216,
                      "state": "passed",
                      "speed": "slow",
                      "pass": true,
                      "fail": false,
                      "pending": false,
                      "context": null,
                      "code": "this.Entry.openEntryDetail(0);",
[...]
                      "skipped": false
                    }
                  ],
                  "suites": [],
                  "passes": [
                    "084e9bee-46f1-4d6e-8a0e-554004aca861",
                    "ba5cd366-339f-47ea-a5f6-4603fa790960"
                  ],
                  "failures": [],
                  "pending": [],
                  "skipped": [],
                  "duration": 294,
                  "root": false,
                  "rootEmpty": false,
                  "_timeout": 2000
                },
                {
                  "uuid": "e9051fae-bc90-4775-ab3a-d8ca5615eb79",
                  "title": "Should validate all fields of Nickname",
                  "fullFile": "",
                  "file": "",
                  "beforeHooks": [],
                  "afterHooks": [],
                  "tests": [
                    {
                      "title": "Field [Label] should be present",
                      "fullTitle": "ViewEntryDetails Application Page Should validate all fields of Nickname Field [Label] should be present",
                      "timedOut": null,
                      "duration": 34,
                      "state": "passed",
                      "speed": "fast",
                      "pass": true,
                      "fail": false,
                      "pending": false,
                      "context": null,
                      "code": "cy.get('@field').find('.ddm-label').contains(label);",
                      "err": {},
                      "uuid": "ed2a253b-27e4-40ff-84b8-fe7b173f9125",
                      "parentUUID": "e9051fae-bc90-4775-ab3a-d8ca5615eb79",
                      "isHook": false,
                      "skipped": false
                    },
                    {
                      "title": "Field [Required] should be present",
                      "fullTitle": "ViewEntryDetails Application Page Should validate all fields of Nickname Field [Required] should be present",
                      "timedOut": null,
                      "duration": 32,
                      "state": "passed",
                      "speed": "fast",
                      "pass": true,
                      "fail": false,
                      "pending": false,
                      "context": null,
                      "code": "cy.get('@field').find('.reference-mark').should('exist');",
                      "err": {},
                      "uuid": "c37886c1-dec7-465d-988c-937812f14a08",
                      "parentUUID": "e9051fae-bc90-4775-ab3a-d8ca5615eb79",
                      "isHook": false,
                      "skipped": false
                    },
                    {
                      "title": "Try to submit a form without filling required field",
                      "fullTitle": "ViewEntryDetails Application Page Should validate all fields of Nickname Try to submit a form without filling required field",
                      "timedOut": null,
                      "duration": 23,
                      "state": "passed",
                      "speed": "fast",
                      "pass": true,
                      "fail": false,
                      "pending": false,
                      "context": null,
                      "code": "if (predefinedValue) {\n    cy.get('@field')\n        .find('.form-control[type=\"text\"]')\n        .as('input')\n        .clear();\n    cy.get('@field')\n        .find('.form-feedback-item')\n        .as('feedback')\n        .should('be.visible');\n    this.submit();\n    cy.get('@input')\n        .type(predefinedValue)\n        .should('have.value', predefinedValue);\n    cy.get('@feedback').should('not.exist');\n}",
                      "err": {},
                      "uuid": "b8cc79b2-be6d-4251-9679-0998751a740a",
                      "parentUUID": "e9051fae-bc90-4775-ab3a-d8ca5615eb79",
                      "isHook": false,
                      "skipped": false
                    },
                    {
                      "title": "Typing [Wilburn48] value",
                      "fullTitle": "ViewEntryDetails Application Page Should validate all fields of Nickname Typing [Wilburn48] value",
                      "timedOut": null,
                      "duration": 307,
                      "state": "passed",
                      "speed": "slow",
                      "pass": true,
                      "fail": false,
                      "pending": false,
                      "context": null,
                      "code": "if (fieldType.type === 'date') {\n    const date = new Date(2019, 2, 10);\n    cy.get('@field').find('.date-picker-dropdown-toggle').click();\n    cy.get('.date-picker-dropdown-menu.show').within(() => {\n        cy.get('select[name=\"month\"]').select(date.getMonth().toString());\n        cy.get('select[name=\"year\"]').select(date.getFullYear().toString());\n        cy.get('button').contains(date.getDate().toString()).click();\n    });\n}\nelse {\n    cy.get('@field')\n        .find('input[type=\"text\"]')\n        .type(newValue);\n}",
                      "err": {},
                      "uuid": "8f32f794-a77e-4efc-9ec2-3a736b9ec003",
                      "parentUUID": "e9051fae-bc90-4775-ab3a-d8ca5615eb79",
                      "isHook": false,
                      "skipped": false
                    }
                  ],
                  "suites": [],
                  "passes": [
                    "ed2a253b-27e4-40ff-84b8-fe7b173f9125",
                    "c37886c1-dec7-465d-988c-937812f14a08",
                    "b8cc79b2-be6d-4251-9679-0998751a740a",
                    "8f32f794-a77e-4efc-9ec2-3a736b9ec003"
                  ],
                  "failures": [],
                  "pending": [],
                  "skipped": [],
                  "duration": 396,
                  "root": false,
                  "rootEmpty": false,
                  "_timeout": 2000
                },
                {
                  "uuid": "55e190b3-7693-476d-9946-a26dec3aef69",
                  "title": "Should save entry",
                  "fullFile": "",
                  "file": "",
                  "beforeHooks": [],
                  "afterHooks": [],
                  "tests": [
                    {
                      "title": "Save",
                      "fullTitle": "ViewEntryDetails Application Page Should save entry Save",
                      "timedOut": null,
                      "duration": 140,
                      "state": "passed",
                      "speed": "slow",
                      "pass": true,
                      "fail": false,
                      "pending": false,
                      "context": null,
                      "code": "this.Entry.submit();",
                      "err": {},
                      "uuid": "90a9c695-5a2f-4f52-ac0f-c9b7e4e93f42",
                      "parentUUID": "55e190b3-7693-476d-9946-a26dec3aef69",
                      "isHook": false,
                      "skipped": false
                    },
                    {
                      "title": "Check if table contains the created entry",
                      "fullTitle": "ViewEntryDetails Application Page Should save entry Check if table contains the created entry",
                      "timedOut": null,
                      "duration": 937,
                      "state": "passed",
                      "speed": "slow",
                      "pass": true,
                      "fail": false,
                      "pending": false,
                      "context": null,
                      "code": "const rows = this.Entry.getTableRows();\nrows.should('have.length', 1);\nthis.Entry.getSpanByName(firstValue).should('exist');\nthis.Entry.getSpanByName(secondValue).should('exist');",
                      "err": {},
                      "uuid": "02dca24e-9769-42fe-b498-5e31122df5a9",
                      "parentUUID": "55e190b3-7693-476d-9946-a26dec3aef69",
                      "isHook": false,
                      "skipped": false
                    },
                    {
                      "title": "Validate ListView",
                      "fullTitle": "ViewEntryDetails Application Page Should save entry Validate ListView",
                      "timedOut": null,
                      "duration": 0,
                      "state": "pending",
                      "speed": null,
                      "pass": false,
                      "fail": false,
                      "pending": true,
                      "context": null,
                      "code": "",
                      "err": {},
                      "uuid": "d0377cbb-ccd1-4048-b470-51b36468d4f9",
                      "parentUUID": "55e190b3-7693-476d-9946-a26dec3aef69",
                      "isHook": false,
                      "skipped": false
                    }
                  ],
                  "suites": [],
                  "passes": [
                    "90a9c695-5a2f-4f52-ac0f-c9b7e4e93f42",
                    "02dca24e-9769-42fe-b498-5e31122df5a9"
                  ],
                  "failures": [],
                  "pending": [
                    "d0377cbb-ccd1-4048-b470-51b36468d4f9"
                  ],
                  "skipped": [],
                  "duration": 1077,
                  "root": false,
                  "rootEmpty": false,
                  "_timeout": 2000
                },
                {
                  "uuid": "235ea8e3-2b97-4ebd-9c89-5ad1f0b2e72e",
                  "title": "Should validate entry detail",
                  "fullFile": "",
                  "file": "",
                  "beforeHooks": [],
                  "afterHooks": [],
                  "tests": [
                    {
                      "title": "Open first entry",
                      "fullTitle": "ViewEntryDetails Application Page Should validate entry detail Open first entry",
                      "timedOut": null,
                      "duration": 214,
                      "state": "passed",
                      "speed": "slow",
                      "pass": true,
                      "fail": false,
                      "pending": false,
                      "context": null,
                      "code": "this.Entry.openEntryDetail(0);",
                      "err": {},
                      "uuid": "de653209-5fff-4166-bc3f-8f19b27b18a4",
                      "parentUUID": "235ea8e3-2b97-4ebd-9c89-5ad1f0b2e72e",
                      "isHook": false,
                      "skipped": false
                    },
                    {
                      "title": "Validate Entry",
                      "fullTitle": "ViewEntryDetails Application Page Should validate entry detail Validate Entry",
                      "timedOut": null,
                      "duration": 30,
                      "state": "passed",
                      "speed": "fast",
                      "pass": true,
                      "fail": false,
                      "pending": false,
                      "context": null,
                      "code": "this.Entry.getSpanByName(firstValue).should('exist');\nthis.Entry.getSpanByName(secondValue).should('exist');",
                      "err": {},
                      "uuid": "a6296f8d-1186-4356-bcb7-7873c31ad160",
                      "parentUUID": "235ea8e3-2b97-4ebd-9c89-5ad1f0b2e72e",
                      "isHook": false,
                      "skipped": false
                    },
                    {
                      "title": "Open Edit Screen",
                      "fullTitle": "ViewEntryDetails Application Page Should validate entry detail Open Edit Screen",
                      "timedOut": null,
                      "duration": 2239,
                      "state": "passed",
                      "speed": "slow",
                      "pass": true,
                      "fail": false,
                      "pending": false,
                      "context": null,
                      "code": "this.Entry.openEditPage();",
                      "err": {},
                      "uuid": "a7b6fdf3-bdeb-4c3d-9d3c-fe93c66d72a2",
                      "parentUUID": "235ea8e3-2b97-4ebd-9c89-5ad1f0b2e72e",
                      "isHook": false,
                      "skipped": false
                    }
                  ],
                  "suites": [],
                  "passes": [
                    "de653209-5fff-4166-bc3f-8f19b27b18a4",
                    "a6296f8d-1186-4356-bcb7-7873c31ad160",
                    "a7b6fdf3-bdeb-4c3d-9d3c-fe93c66d72a2"
                  ],
                  "failures": [],
                  "pending": [],
                  "skipped": [],
                  "duration": 2483,
                  "root": false,
                  "rootEmpty": false,
                  "_timeout": 2000
                },
                {
                  "uuid": "b8b488ef-acdc-4942-b5b4-246640badbfb",
                  "title": "Should Edit Field",
                  "fullFile": "",
                  "file": "",
                  "beforeHooks": [],
                  "afterHooks": [],
                  "tests": [
                    {
                      "title": "Field [Label] should be present",
                      "fullTitle": "ViewEntryDetails Application Page Should Edit Field Field [Label] should be present",
                      "timedOut": null,
                      "duration": 40,
                      "state": "passed",
                      "speed": "medium",
                      "pass": true,
                      "fail": false,
                      "pending": false,
                      "context": null,
                      "code": "cy.get('@field').find('.ddm-label').contains(label);",
                      "err": {},
                      "uuid": "faf51620-87bf-4c2e-a476-ccefb0feedfd",
                      "parentUUID": "b8b488ef-acdc-4942-b5b4-246640badbfb",
                      "isHook": false,
                      "skipped": false
                    },
                    {
                      "title": "Typing [Alena Daniel v2] value",
                      "fullTitle": "ViewEntryDetails Application Page Should Edit Field Typing [Alena Daniel v2] value",
                      "timedOut": null,
                      "duration": 303,
                      "state": "passed",
                      "speed": "slow",
                      "pass": true,
                      "fail": false,
                      "pending": false,
                      "context": null,
                      "code": "if (fieldType.type === 'date') {\n    const date = new Date(2019, 2, 10);\n    cy.get('@field').find('.date-picker-dropdown-toggle').click();\n    cy.get('.date-picker-dropdown-menu.show').within(() => {\n        cy.get('select[name=\"month\"]').select(date.getMonth().toString());\n        cy.get('select[name=\"year\"]').select(date.getFullYear().toString());\n        cy.get('button').contains(date.getDate().toString()).click();\n    });\n}\nelse {\n    cy.get('@field')\n        .find('input[type=\"text\"]')\n        .type(newValue);\n}",
                      "err": {},
                      "uuid": "701324dd-0429-455f-9510-ab7fd72da3ad",
                      "parentUUID": "b8b488ef-acdc-4942-b5b4-246640badbfb",
                      "isHook": false,
                      "skipped": false
                    },
                    {
                      "title": "Submit",
                      "fullTitle": "ViewEntryDetails Application Page Should Edit Field Submit",
                      "timedOut": null,
                      "duration": 140,
                      "state": "passed",
                      "speed": "slow",
                      "pass": true,
                      "fail": false,
                      "pending": false,
                      "context": null,
                      "code": "this.Entry.submit();",
                      "err": {},
                      "uuid": "f282843b-f575-49c6-8423-2fd9fc9e0f9e",
                      "parentUUID": "b8b488ef-acdc-4942-b5b4-246640badbfb",
                      "isHook": false,
                      "skipped": false
                    },
                    {
                      "title": "Verify if value changed",
                      "fullTitle": "ViewEntryDetails Application Page Should Edit Field Verify if value changed",
                      "timedOut": null,
                      "duration": 831,
                      "state": "passed",
                      "speed": "slow",
                      "pass": true,
                      "fail": false,
                      "pending": false,
                      "context": null,
                      "code": "this.Entry.getSpanByName(newValue).should('exist');",
                      "err": {},
                      "uuid": "16fa88b2-c1f8-4ff1-933b-a3f465a4d4cf",
                      "parentUUID": "b8b488ef-acdc-4942-b5b4-246640badbfb",
                      "isHook": false,
                      "skipped": false
                    },
                    {
                      "title": "Back to List Entries",
                      "fullTitle": "ViewEntryDetails Application Page Should Edit Field Back to List Entries",
                      "timedOut": null,
                      "duration": 241,
                      "state": "passed",
                      "speed": "slow",
                      "pass": true,
                      "fail": false,
                      "pending": false,
                      "context": null,
                      "code": "this.Entry.goBackApplicationBar();\nthis.Entry.getSpanByName(newValue).should('exist');",
                      "err": {},
                      "uuid": "d3371bdf-c74e-4ccd-b820-d55fdaa6629f",
                      "parentUUID": "b8b488ef-acdc-4942-b5b4-246640badbfb",
                      "isHook": false,
                      "skipped": false
                    }
                  ],
                  "suites": [],
                  "passes": [
                    "faf51620-87bf-4c2e-a476-ccefb0feedfd",
                    "701324dd-0429-455f-9510-ab7fd72da3ad",
                    "f282843b-f575-49c6-8423-2fd9fc9e0f9e",
                    "16fa88b2-c1f8-4ff1-933b-a3f465a4d4cf",
                    "d3371bdf-c74e-4ccd-b820-d55fdaa6629f"
                  ],
                  "failures": [],
                  "pending": [],
                  "skipped": [],
                  "duration": 1555,
                  "root": false,
                  "rootEmpty": false,
                  "_timeout": 2000
                }
              ],
              "passes": [],
              "failures": [],
              "pending": [],
              "skipped": [],
              "duration": 0,
              "root": false,
              "rootEmpty": false,
              "_timeout": 2000
            }
          ],
          "passes": [],
          "failures": [],
          "pending": [],
          "skipped": [],
          "duration": 0,
          "root": false,
          "rootEmpty": false,
          "_timeout": 2000
        }
      ],
      "passes": [],
      "failures": [],
      "pending": [],
      "skipped": [],
      "duration": 0,
      "root": true,
      "rootEmpty": true,
      "_timeout": 2000
    }
  ],
  "meta": {
    "mocha": {
      "version": "7.0.1"
    },
    "mochawesome": {
      "options": {
        "quiet": false,
        "reportFilename": "mochawesome",
        "saveHtml": false,
        "saveJson": true,
        "consoleReporter": "spec",
        "useInlineDiffs": false,
        "code": true
      },
      "version": "6.2.1"
    },
    "marge": {
      "options": {
        "reportDir": "cypress/results",
        "overwrite": false,
        "html": false,
        "json": true
      },
      "version": "5.1.0"
    }
  }
}